Removed Pin From Net: NetName=GND Pin=Cap1-1
Change Component Footprint: Designator=Cap1 Old Footprint=RAD-0.3 New Footprint=CAPR5-4X5
Change Component Footprint: Designator=Cap2 Old Footprint=RAD-0.3 New Footprint=CAPR5-4X5
Change Component Comment : Designator=Cap2 Old Comment=0.1 microF New Comment=100nF
Change Component Comment : Designator=Cap1 Old Comment=0.33 microF New Comment=330nF
Change Component Designator: OldDesignator=C2 NewDesignator=R1
Change Component Designator: OldDesignator=C3 NewDesignator=C2
Change Component Designator: OldDesignator=R1 NewDesignator=R2
Change Component Designator: OldDesignator=R2 NewDesignator=R3
Change Component Designator: OldDesignator=R3 NewDesignator=C3
Change component parameters: Designator = "Cap1" ("Cap1"); Footprint = "RAD-0.3"; UniqueID = "\PGLSAWZJ" ("\PGLSAWZJ")
Change component parameters (AddParameter): Name = "PackageDescription"; Value = "Capacitor; 2 Leads"; VariantName = "[No Variations]"
Change component parameters (AddParameter): Name = "PackageReference"; Value = "CAPR5-4X5"; VariantName = "[No Variations]"
Change component parameters (AddParameter): Name = "Published"; Value = "23-Sep-2002"; VariantName = "[No Variations]"
Change component parameters (AddParameter): Name = "Publisher"; Value = "Altium Limited"; VariantName = "[No Variations]"
Change component parameters (AddParameter): Name = "Value"; Value = "330nF"; VariantName = "[No Variations]"
Change component parameters: Designator = "Cap2" ("Cap2"); Footprint = "RAD-0.3"; UniqueID = "\AUQARZET" ("\AUQARZET")
Change component parameters (AddParameter): Name = "PackageDescription"; Value = "Capacitor; 2 Leads"; VariantName = "[No Variations]"
Change component parameters (AddParameter): Name = "PackageReference"; Value = "CAPR5-4X5"; VariantName = "[No Variations]"
Change component parameters (AddParameter): Name = "Published"; Value = "23-Sep-2002"; VariantName = "[No Variations]"
Change component parameters (AddParameter): Name = "Publisher"; Value = "Altium Limited"; VariantName = "[No Variations]"
Change component parameters (AddParameter): Name = "Value"; Value = "100nF"; VariantName = "[No Variations]"
Added Component: Designator=16MHz(R38)
Add component (AddParameter): Name = "LatestRevisionDate"; Value = "17-Jul-2002"; VariantName = "[No Variations]"
Add component (AddParameter): Name = "LatestRevisionNote"; Value = "Re-released for DXP Platform."; VariantName = "[No Variations]"
Add component (AddParameter): Name = "PackageDescription"; Value = "Crystal, Thru-Hole; 2 Leads; Body 3.1 x 8.2 mm (Dia.xH)"; VariantName = "[No Variations]"
Add component (AddParameter): Name = "PackageReference"; Value = "R38"; VariantName = "[No Variations]"
Add component (AddParameter): Name = "Published"; Value = "8-Jun-2000"; VariantName = "[No Variations]"
Add component (AddParameter): Name = "Publisher"; Value = "Altium Limited"; VariantName = "[No Variations]"
Added Component: Designator=Cap3(CAPR5-4X5)
Add component (AddParameter): Name = "PackageDescription"; Value = "Capacitor; 2 Leads"; VariantName = "[No Variations]"
Add component (AddParameter): Name = "PackageReference"; Value = "CAPR5-4X5"; VariantName = "[No Variations]"
Add component (AddParameter): Name = "Published"; Value = "23-Sep-2002"; VariantName = "[No Variations]"
Add component (AddParameter): Name = "Publisher"; Value = "Altium Limited"; VariantName = "[No Variations]"
Add component (AddParameter): Name = "Value"; Value = "100nF"; VariantName = "[No Variations]"
Added Component: Designator=Cap4(RAD-0.3)
Add component (AddParameter): Name = "LatestRevisionDate"; Value = "17-Jul-2002"; VariantName = "[No Variations]"
Add component (AddParameter): Name = "LatestRevisionNote"; Value = "Re-released for DXP Platform."; VariantName = "[No Variations]"
Add component (AddParameter): Name = "PackageDescription"; Value = "Radial Cap, Thru-Hole; 2 Leads; 0.3 in Pin Spacing"; VariantName = "[No Variations]"
Add component (AddParameter): Name = "PackageReference"; Value = "RAD-0.3"; VariantName = "[No Variations]"
Add component (AddParameter): Name = "Published"; Value = "8-Jun-2000"; VariantName = "[No Variations]"
Add component (AddParameter): Name = "Publisher"; Value = "Altium Limited"; VariantName = "[No Variations]"
Add component (AddParameter): Name = "Value"; Value = "22nF"; VariantName = "[No Variations]"
Added Component: Designator=Cap5(RAD-0.3)
Add component (AddParameter): Name = "LatestRevisionDate"; Value = "17-Jul-2002"; VariantName = "[No Variations]"
Add component (AddParameter): Name = "LatestRevisionNote"; Value = "Re-released for DXP Platform."; VariantName = "[No Variations]"
Add component (AddParameter): Name = "PackageDescription"; Value = "Radial Cap, Thru-Hole; 2 Leads; 0.3 in Pin Spacing"; VariantName = "[No Variations]"
Add component (AddParameter): Name = "PackageReference"; Value = "RAD-0.3"; VariantName = "[No Variations]"
Add component (AddParameter): Name = "Published"; Value = "8-Jun-2000"; VariantName = "[No Variations]"
Add component (AddParameter): Name = "Publisher"; Value = "Altium Limited"; VariantName = "[No Variations]"
Add component (AddParameter): Name = "Value"; Value = "22nF"; VariantName = "[No Variations]"
Added Component: Designator=P3(HDR1X6)
Add component (AddParameter): Name = "LatestRevisionDate"; Value = "17-Jul-2002"; VariantName = "[No Variations]"
Add component (AddParameter): Name = "LatestRevisionNote"; Value = "Re-released for DXP Platform."; VariantName = "[No Variations]"
Add component (AddParameter): Name = "Publisher"; Value = "Altium Limited"; VariantName = "[No Variations]"
Added Pin To Net: NetName=GND Pin=Cap1-2
Added Pin To Net: NetName=GND Pin=Cap3-2
Added Pin To Net: NetName=GND Pin=Cap4-2
Added Pin To Net: NetName=GND Pin=Cap5-2
Added Pin To Net: NetName=VCC 5V Pin=P3-1
Added Pin To Net: NetName=GND Pin=P3-6
Change Net Name : Old Net Name=NetC2_2 New Net Name=NetP1_6
Change Net Name : Old Net Name=NetC3_2 New Net Name=NetC2_2
Change Net Name : Old Net Name=NetP1_3 New Net Name=NetC3_2
Change Net Name : Old Net Name=NetR-D1_1 New Net Name=LED1
Change Net Name : Old Net Name=NetR-D2_1 New Net Name=LED2
Change Net Name : Old Net Name=NetR-D3_1 New Net Name=LED3
Change Net Name : Old Net Name=NetR-D4_1 New Net Name=LED4
Added Pin To Net: NetName=MISO Pin=P3-4
Added Pin To Net: NetName=MISO Pin=U1-18
Added Net: Name=MISO
Added Pin To Net: NetName=MOSI Pin=P3-3
Added Pin To Net: NetName=MOSI Pin=U1-17
Added Net: Name=MOSI
Added Pin To Net: NetName=NetCap3_1 Pin=Cap3-1
Added Pin To Net: NetName=NetCap3_1 Pin=U1-21
Added Net: Name=NetCap3_1
Added Pin To Net: NetName=Pin1 Pin=R2-2
Added Pin To Net: NetName=Pin1 Pin=U1-2
Added Net: Name=Pin1
Added Pin To Net: NetName=Pin2 Pin=R3-1
Added Pin To Net: NetName=Pin2 Pin=U1-3
Added Net: Name=Pin2
Added Pin To Net: NetName=Pin3 Pin=C3-1
Added Pin To Net: NetName=Pin3 Pin=U1-4
Added Net: Name=Pin3
Added Pin To Net: NetName=Pin4 Pin=R4-2
Added Pin To Net: NetName=Pin4 Pin=U1-5
Added Net: Name=Pin4
Added Pin To Net: NetName=Pin5 Pin=C1-1
Added Pin To Net: NetName=Pin5 Pin=U1-6
Added Net: Name=Pin5
Added Pin To Net: NetName=Pin6 Pin=R1-1
Added Pin To Net: NetName=Pin6 Pin=U1-11
Added Net: Name=Pin6
Added Pin To Net: NetName=Pin7 Pin=C2-1
Added Pin To Net: NetName=Pin7 Pin=U1-12
Added Net: Name=Pin7
Added Pin To Net: NetName=RESET Pin=P3-2
Added Pin To Net: NetName=RESET Pin=U1-1
Added Net: Name=RESET
Added Pin To Net: NetName=SCK Pin=P3-5
Added Pin To Net: NetName=SCK Pin=U1-19
Added Net: Name=SCK
Added Pin To Net: NetName=VCC 9V Pin=Cap1-1
Added Pin To Net: NetName=VCC 9V Pin=P2-2
Added Pin To Net: NetName=VCC 9V Pin=U2-1
Added Net: Name=VCC 9V
Added Pin To Net: NetName=XTAL1 Pin=16MHz-1
Added Pin To Net: NetName=XTAL1 Pin=Cap4-1
Added Pin To Net: NetName=XTAL1 Pin=U1-9
Added Net: Name=XTAL1
Added Pin To Net: NetName=XTAL2 Pin=16MHz-2
Added Pin To Net: NetName=XTAL2 Pin=Cap5-1
Added Pin To Net: NetName=XTAL2 Pin=U1-10
Added Net: Name=XTAL2
